Arguments: 
  /Users/timbroddin/.nvm/versions/node/v10.9.0/bin/node /usr/local/bin/yarn add dialogflow-fulfillment

PATH: 
  /usr/local/opt/mysql-client/bin:/Users/timbroddin/.nvm/versions/node/v10.9.0/bin:/Users/timbroddin/bin:/usr/local/bin:/Users/timbroddin/Library/Python/2.7/bin:/usr/local/bin:/usr/bin:/bin:/usr/sbin:/sbin:/Library/Apple/usr/bin:/Library/Apple/bin:/Library/Frameworks/Mono.framework/Versions/Current/Commands:/Applications/Wireshark.app/Contents/MacOS

Yarn version: 
  1.5.1

Node version: 
  10.9.0

Platform: 
  darwin x64

npm manifest: 
  {
    "name": "ishetlekkerindemess-bot",
    "version": "1.0.0",
    "main": "index.js",
    "license": "MIT"
  }

yarn manifest: 
  No manifest

Lockfile: 
  No lockfile

Trace: 
  Error: Found incompatible module
      at new MessageError (/usr/local/lib/node_modules/yarn/lib/cli.js:186:110)
      at checkOne (/usr/local/lib/node_modules/yarn/lib/cli.js:62444:11)
      at Object.check (/usr/local/lib/node_modules/yarn/lib/cli.js:62463:5)
      at /usr/local/lib/node_modules/yarn/lib/cli.js:22803:73
      at Generator.next (<anonymous>)
      at step (/usr/local/lib/node_modules/yarn/lib/cli.js:98:30)
      at /usr/local/lib/node_modules/yarn/lib/cli.js:109:13
